<?xml version="1.0" encoding="UTF-8"?>
<testsuite name="CoinComboTest" tests="4" skipped="0" failures="0" errors="0" timestamp="2016-04-21T17:02:45" hostname="epicodus-79.local" time="0.002">
  <properties/>
  <testcase name="checkCoinCombo_Quarter_3" classname="CoinComboTest" time="0.001"/>
  <testcase name="checkCoinCombo_nickel_1" classname="CoinComboTest" time="0.0"/>
  <testcase name="checkCoinCombo_penny_1" classname="CoinComboTest" time="0.001"/>
  <testcase name="checkCoinCombo_Dime_1" classname="CoinComboTest" time="0.0"/>
  <system-out><![CDATA[]]></system-out>
  <system-err><![CDATA[]]></system-err>
</testsuite>
